{"name": "Test With Wrong Password", "status": "failed", "statusDetails": {"message": "AssertionError: assert False == True\n +  where False = <bound method LoginPage.check_error_message_showed of <pageObject.LoginPage.LoginPage object at 0x104f8a0f0>>()\n +    where <bound method LoginPage.check_error_message_showed of <pageObject.LoginPage.LoginPage object at 0x104f8a0f0>> = <pageObject.LoginPage.LoginPage object at 0x104f8a0f0>.check_error_message_showed", "trace": "driver = <selenium.webdriver.chrome.webdriver.WebDriver (session=\"9443df64e7742c28b39b34d2ba7ea5b0\")>, base_url = 'http://172.22.1.141:8089/'\nemployee_credentials = {'password': '45622', 'userFullName': 'test employee5', 'userName': 'test-employee5'}\n\n    @allure.feature(\"Authentication features\")\n    @allure.title(\"Test With Wrong Password\")\n    def test_login_wrong_password(driver, base_url, employee_credentials):\n        login_page = LoginPage(driver=driver)\n        user_name = employee_credentials[CredentialKeysEnum.USER_NAME.value]\n        login_page.login_with_userName_and_password(base_url, user_name, \"Wrong Password\")\n>       assert login_page.check_error_message_showed() == True\nE       assert False == True\nE        +  where False = <bound method LoginPage.check_error_message_showed of <pageObject.LoginPage.LoginPage object at 0x104f8a0f0>>()\nE        +    where <bound method LoginPage.check_error_message_showed of <pageObject.LoginPage.LoginPage object at 0x104f8a0f0>> = <pageObject.LoginPage.LoginPage object at 0x104f8a0f0>.check_error_message_showed\n\ntests/test_login.py:55: AssertionError"}, "attachments": [{"name": "log", "source": "5597a4f2-6f66-4a05-8939-8e0a93508ad2-attachment.txt", "type": "text/plain"}], "start": 1707243248200, "stop": 1707243254593, "uuid": "9e8d6e32-1a09-44ac-8be8-7617b49830cd", "historyId": "028708a3a12b0b35d8269a625df9ef74", "testCaseId": "028708a3a12b0b35d8269a625df9ef74", "fullName": "tests.test_login#test_login_wrong_password", "labels": [{"name": "feature", "value": "Authentication features"}, {"name": "parentSuite", "value": "tests"}, {"name": "suite", "value": "test_login"}, {"name": "host", "value": "Dohas-MacBook-Pro.local"}, {"name": "thread", "value": "22910-MainThread"}, {"name": "framework", "value": "pytest"}, {"name": "language", "value": "cpython3"}, {"name": "package", "value": "tests.test_login"}]}